<?xml version="1.0" encoding="UTF-8"?>
<!-- Generated by org.testng.reporters.JUnitXMLReporter -->
<testsuite hostname="CTL-16" name="FrameworkUnitTest" tests="7" failures="0" timestamp="18 Jul 2017 07:12:15 GMT" time="13.812" errors="0">
  <testcase name="testFirefox" time="6.408" classname="unitTest.BrowserFactoryTest"/>
  <testcase name="testIE" time="2.376" classname="unitTest.BrowserFactoryTest"/>
  <testcase name="testchrome" time="4.403" classname="unitTest.BrowserFactoryTest"/>
  <testcase name="testConfigDataProvider" time="0.002" classname="unitTest.DataProviderTest"/>
  <testcase name="testExcelDataProvider" time="0.565" classname="unitTest.DataProviderTest"/>
  <testcase name="testgetConfigObject" time="0.001" classname="unitTest.DataProviderFactoryTest"/>
  <testcase name="testgetExcelObject" time="0.035" classname="unitTest.DataProviderFactoryTest"/>
</testsuite> <!-- FrameworkUnitTest -->
