<?xml version="1.0" encoding="UTF-8"?>
<!-- Generated by org.testng.reporters.JUnitXMLReporter -->
<testsuite hostname="CTL-16" ignored="0" name="TestAndroidDevice2" tests="9" failures="0" timestamp="26 Dec 2017 13:21:45 GMT" time="196.837" errors="0">
  <testcase name="verify_navigation_SignInPage" time="13.358" classname="investicamobileTestCases.Verify_GuestNavigation_TestCases"/>
  <testcase name="verify_navigation_to_Guest_InvestorDashboard" time="10.476" classname="investicamobileTestCases.Verify_GuestNavigation_TestCases"/>
  <testcase name="verify_navigation_to_FundExplorer_Guest" time="5.863" classname="investicamobileTestCases.Verify_GuestNavigation_TestCases"/>
  <testcase name="verify_navigation_to_MyInvestments_Guest" time="7.235" classname="investicamobileTestCases.Verify_GuestNavigation_TestCases"/>
  <testcase name="verify_navigation_to_MyTransactions_Guest" time="4.513" classname="investicamobileTestCases.Verify_GuestNavigation_TestCases"/>
  <testcase name="verify_navigation_to_MyProfile_Guest" time="6.341" classname="investicamobileTestCases.Verify_GuestNavigation_TestCases"/>
  <testcase name="verify_navigation_to_SupportPage" time="7.003" classname="investicamobileTestCases.Verify_GuestNavigation_TestCases"/>
  <testcase name="verify_Guest_Share_functionality" time="5.108" classname="investicamobileTestCases.Verify_GuestNavigation_TestCases"/>
  <testcase name="verify_navigation_FaqPage" time="6.171" classname="investicamobileTestCases.Verify_GuestNavigation_TestCases"/>
</testsuite> <!-- TestAndroidDevice2 -->
